# JRE version: Java(TM) SE Runtime Environment (8.0_66-b18) (build 1.8.0_66-b18)
# Java VM: Java HotSpot(TM) 64-Bit Server VM (25.66-b18 mixed mode windows-amd64 compressed oops)
Heap:
 PSYoungGen      total 55808K, used 18646K [0x00000007bc400000, 0x00000007c0000000, 0x00000007c0000000)
  eden space 50176K, 33% used [0x00000007bc400000,0x00000007bd460070,0x00000007bf500000)
  from space 5632K, 33% used [0x00000007bf500000,0x00000007bf6d59e0,0x00000007bfa80000)
  to   space 5632K, 0% used [0x00000007bfa80000,0x00000007bfa80000,0x00000007c0000000)
 ParOldGen       total 175616K, used 65682K [0x0000000700000000, 0x000000070ab80000, 0x00000007bc400000)
  object space 175616K, 37% used [0x0000000700000000,0x0000000704024a80,0x000000070ab80000)
 Metaspace       used 76508K, capacity 77345K, committed 77952K, reserved 1116160K
  class space    used 11402K, capacity 11548K, committed 11648K, reserved 1048576K
GC Heap History (10 events):
Event: 6409.897 GC heap before
{Heap before GC invocations=299 (full 12):
 PSYoungGen      total 55296K, used 50308K [0x00000007bc400000, 0x00000007c0000000, 0x00000007c0000000)
  eden space 49152K, 100% used [0x00000007bc400000,0x00000007bf400000,0x00000007bf400000)
  from space 6144K, 18% used [0x00000007bfa00000,0x00000007bfb212b8,0x00000007c0000000)
  to   space 6144K, 0% used [0x00000007bf400000,0x00000007bf400000,0x00000007bfa00000)
 ParOldGen       total 175616K, used 65674K [0x0000000700000000, 0x000000070ab80000, 0x00000007bc400000)
  object space 175616K, 37% used [0x0000000700000000,0x0000000704022a80,0x000000070ab80000)
 Metaspace       used 76262K, capacity 77121K, committed 77568K, reserved 1116160K
  class space    used 11369K, capacity 11516K, committed 11520K, reserved 1048576K
Event: 6409.901 GC heap after
Heap after GC invocations=299 (full 12):
 PSYoungGen      total 55296K, used 1546K [0x00000007bc400000, 0x00000007c0000000, 0x00000007c0000000)
  eden space 49152K, 0% used [0x00000007bc400000,0x00000007bc400000,0x00000007bf400000)
  from space 6144K, 25% used [0x00000007bf400000,0x00000007bf582858,0x00000007bfa00000)
  to   space 6144K, 0% used [0x00000007bfa00000,0x00000007bfa00000,0x00000007c0000000)
 ParOldGen       total 175616K, used 65674K [0x0000000700000000, 0x000000070ab80000, 0x00000007bc400000)
  object space 175616K, 37% used [0x0000000700000000,0x0000000704022a80,0x000000070ab80000)
 Metaspace       used 76262K, capacity 77121K, committed 77568K, reserved 1116160K
  class space    used 11369K, capacity 11516K, committed 11520K, reserved 1048576K
}
Event: 6425.545 GC heap before
{Heap before GC invocations=300 (full 12):
 PSYoungGen      total 55296K, used 50698K [0x00000007bc400000, 0x00000007c0000000, 0x00000007c0000000)
  eden space 49152K, 100% used [0x00000007bc400000,0x00000007bf400000,0x00000007bf400000)
  from space 6144K, 25% used [0x00000007bf400000,0x00000007bf582858,0x00000007bfa00000)
  to   space 6144K, 0% used [0x00000007bfa00000,0x00000007bfa00000,0x00000007c0000000)
 ParOldGen       total 175616K, used 65674K [0x0000000700000000, 0x000000070ab80000, 0x00000007bc400000)
  object space 175616K, 37% used [0x0000000700000000,0x0000000704022a80,0x000000070ab80000)
 Metaspace       used 76484K, capacity 77345K, committed 77952K, reserved 1116160K
  class space    used 11402K, capacity 11548K, committed 11648K, reserved 1048576K
Event: 6425.550 GC heap after
Heap after GC invocations=300 (full 12):
 PSYoungGen      total 55296K, used 2876K [0x00000007bc400000, 0x00000007c0000000, 0x00000007c0000000)
  eden space 49152K, 0% used [0x00000007bc400000,0x00000007bc400000,0x00000007bf400000)
  from space 6144K, 46% used [0x00000007bfa00000,0x00000007bfccf198,0x00000007c0000000)
  to   space 6144K, 0% used [0x00000007bf400000,0x00000007bf400000,0x00000007bfa00000)
 ParOldGen       total 175616K, used 65682K [0x0000000700000000, 0x000000070ab80000, 0x00000007bc400000)
  object space 175616K, 37% used [0x0000000700000000,0x0000000704024a80,0x000000070ab80000)
 Metaspace       used 76484K, capacity 77345K, committed 77952K, reserved 1116160K
  class space    used 11402K, capacity 11548K, committed 11648K, reserved 1048576K
}
Event: 6463.347 GC heap before
{Heap before GC invocations=301 (full 12):
 PSYoungGen      total 55296K, used 52028K [0x00000007bc400000, 0x00000007c0000000, 0x00000007c0000000)
  eden space 49152K, 100% used [0x00000007bc400000,0x00000007bf400000,0x00000007bf400000)
  from space 6144K, 46% used [0x00000007bfa00000,0x00000007bfccf198,0x00000007c0000000)
  to   space 6144K, 0% used [0x00000007bf400000,0x00000007bf400000,0x00000007bfa00000)
 ParOldGen       total 175616K, used 65682K [0x0000000700000000, 0x000000070ab80000, 0x00000007bc400000)
  object space 175616K, 37% used [0x0000000700000000,0x0000000704024a80,0x000000070ab80000)
 Metaspace       used 76497K, capacity 77345K, committed 77952K, reserved 1116160K
  class space    used 11402K, capacity 11548K, committed 11648K, reserved 1048576K
Event: 6463.352 GC heap after
Heap after GC invocations=301 (full 12):
 PSYoungGen      total 55296K, used 2340K [0x00000007bc400000, 0x00000007c0000000, 0x00000007c0000000)
  eden space 49152K, 0% used [0x00000007bc400000,0x00000007bc400000,0x00000007bf400000)
  from space 6144K, 38% used [0x00000007bf400000,0x00000007bf6493d0,0x00000007bfa00000)
  to   space 5632K, 0% used [0x00000007bfa80000,0x00000007bfa80000,0x00000007c0000000)
 ParOldGen       total 175616K, used 65682K [0x0000000700000000, 0x000000070ab80000, 0x00000007bc400000)
  object space 175616K, 37% used [0x0000000700000000,0x0000000704024a80,0x000000070ab80000)
 Metaspace       used 76497K, capacity 77345K, committed 77952K, reserved 1116160K
  class space    used 11402K, capacity 11548K, committed 11648K, reserved 1048576K
}
Event: 6476.406 GC heap before
{Heap before GC invocations=302 (full 12):
 PSYoungGen      total 55296K, used 51492K [0x00000007bc400000, 0x00000007c0000000, 0x00000007c0000000)
  eden space 49152K, 100% used [0x00000007bc400000,0x00000007bf400000,0x00000007bf400000)
  from space 6144K, 38% used [0x00000007bf400000,0x00000007bf6493d0,0x00000007bfa00000)
  to   space 5632K, 0% used [0x00000007bfa80000,0x00000007bfa80000,0x00000007c0000000)
 ParOldGen       total 175616K, used 65682K [0x0000000700000000, 0x000000070ab80000, 0x00000007bc400000)
  object space 175616K, 37% used [0x0000000700000000,0x0000000704024a80,0x000000070ab80000)
 Metaspace       used 76507K, capacity 77345K, committed 77952K, reserved 1116160K
  class space    used 11402K, capacity 11548K, committed 11648K, reserved 1048576K
Event: 6476.419 GC heap after
Heap after GC invocations=302 (full 12):
 PSYoungGen      total 55808K, used 2534K [0x00000007bc400000, 0x00000007c0000000, 0x00000007c0000000)
  eden space 50176K, 0% used [0x00000007bc400000,0x00000007bc400000,0x00000007bf500000)
  from space 5632K, 45% used [0x00000007bfa80000,0x00000007bfcf9ab0,0x00000007c0000000)
  to   space 5632K, 0% used [0x00000007bf500000,0x00000007bf500000,0x00000007bfa80000)
 ParOldGen       total 175616K, used 65682K [0x0000000700000000, 0x000000070ab80000, 0x00000007bc400000)
  object space 175616K, 37% used [0x0000000700000000,0x0000000704024a80,0x000000070ab80000)
 Metaspace       used 76507K, capacity 77345K, committed 77952K, reserved 1116160K
  class space    used 11402K, capacity 11548K, committed 11648K, reserved 1048576K
}
Event: 6492.497 GC heap before
{Heap before GC invocations=303 (full 12):
 PSYoungGen      total 55808K, used 52710K [0x00000007bc400000, 0x00000007c0000000, 0x00000007c0000000)
  eden space 50176K, 100% used [0x00000007bc400000,0x00000007bf500000,0x00000007bf500000)
  from space 5632K, 45% used [0x00000007bfa80000,0x00000007bfcf9ab0,0x00000007c0000000)
  to   space 5632K, 0% used [0x00000007bf500000,0x00000007bf500000,0x00000007bfa80000)
 ParOldGen       total 175616K, used 65682K [0x0000000700000000, 0x000000070ab80000, 0x00000007bc400000)
  object space 175616K, 37% used [0x0000000700000000,0x0000000704024a80,0x000000070ab80000)
 Metaspace       used 76508K, capacity 77345K, committed 77952K, reserved 1116160K
  class space    used 11402K, capacity 11548K, committed 11648K, reserved 1048576K
Event: 6492.501 GC heap after
Heap after GC invocations=303 (full 12):
 PSYoungGen      total 55808K, used 1878K [0x00000007bc400000, 0x00000007c0000000, 0x00000007c0000000)
  eden space 50176K, 0% used [0x00000007bc400000,0x00000007bc400000,0x00000007bf500000)
  from space 5632K, 33% used [0x00000007bf500000,0x00000007bf6d59e0,0x00000007bfa80000)
  to   space 5632K, 0% used [0x00000007bfa80000,0x00000007bfa80000,0x00000007c0000000)
 ParOldGen       total 175616K, used 65682K [0x0000000700000000, 0x000000070ab80000, 0x00000007bc400000)
  object space 175616K, 37% used [0x0000000700000000,0x0000000704024a80,0x000000070ab80000)
 Metaspace       used 76508K, capacity 77345K, committed 77952K, reserved 1116160K
  class space    used 11402K, capacity 11548K, committed 11648K, reserved 1048576K
}

